** To run the example, copy the AERTEST.INP file to AERMOD.INP and type:
**
**    AERMOD
**
** The results for this example problem are provided in file AERMOD.OUT.
 
CO STARTING
   TITLEONE A Simple Example Problem for the AERMOD Model with PRIME
   MODELOPT  CONC   FLAT
   AVERTIME  1  3  8  24  PERIOD
   POLLUTID  PM10
   RUNORNOT  RUN
   EVENTFIL  aertest_evt.inp
   ERRORFIL  ERRORS.OUT
CO FINISHED
 
SO STARTING
   ELEVUNIT  METERS
   LOCATION  STACK1  POINT  0.0   0.0   0.0
 
** Point Source       QS      HS     TS    VS    DS
** Parameters:       ----    ----   ----  ----   ---
   SRCPARAM  STACK1  500.0   65.00  425.  15.0   5.
 
SO BUILDHGT  STACK1    36*50.
SO BUILDWID  STACK1    62.26   72.64   80.80   86.51   89.59   89.95
SO BUILDWID  STACK1    87.58   82.54   75.00   82.54   87.58   89.95
SO BUILDWID  STACK1    89.59   86.51   80.80   72.64   62.26   50.00
SO BUILDWID  STACK1    62.26   72.64   80.80   86.51   89.59   89.95
SO BUILDWID  STACK1    87.58   82.54   75.00   82.54   87.58   89.95
SO BUILDWID  STACK1    89.59   86.51   80.80   72.64   62.26   50.00
SO BUILDLEN  STACK1    82.54   87.58   89.95   89.59   86.51   80.80
SO BUILDLEN  STACK1    72.64   62.26   50.00   62.26   72.64   80.80
SO BUILDLEN  STACK1    86.51   89.59   89.95   87.58   82.54   75.00
SO BUILDLEN  STACK1    82.54   87.58   89.95   89.59   86.51   80.80
SO BUILDLEN  STACK1    72.64   62.26   50.00   62.26   72.64   80.80
SO BUILDLEN  STACK1    86.51   89.59   89.95   87.58   82.54   75.00
SO XBADJ     STACK1   -47.35  -55.76  -62.48  -67.29  -70.07  -70.71
SO XBADJ     STACK1   -69.21  -65.60  -60.00  -65.60  -69.21  -70.71
SO XBADJ     STACK1   -70.07  -67.29  -62.48  -55.76  -47.35  -37.50
SO XBADJ     STACK1   -35.19  -31.82  -27.48  -22.30  -16.44  -10.09
SO XBADJ     STACK1    -3.43    3.34   10.00    3.34   -3.43  -10.09
SO XBADJ     STACK1   -16.44  -22.30  -27.48  -31.82  -35.19  -37.50
SO YBADJ     STACK1    34.47   32.89   30.31   26.81   22.50   17.50
SO YBADJ     STACK1    11.97    6.08    0.00   -6.08  -11.97  -17.50
SO YBADJ     STACK1   -22.50  -26.81  -30.31  -32.89  -34.47  -35.00
SO YBADJ     STACK1   -34.47  -32.89  -30.31  -26.81  -22.50  -17.50
SO YBADJ     STACK1   -11.97   -6.08    0.00    6.08   11.97   17.50
SO YBADJ     STACK1    22.50   26.81   30.31   32.89   34.47   35.00
 
   SRCGROUP  ALL
SO FINISHED
 
RE STARTING
RE GRIDPOLR POL1 STA
                 ORIG STACK1
                 DIST 175. 350. 500. 1000.
                 GDIR 36 10 10
RE GRIDPOLR POL1 END
RE FINISHED
 
ME STARTING
   SURFFILE  aermet2.sfc
   PROFFILE  aermet2.pfl
   SURFDATA  14735  1988  AKURE,NG
   UAIRDATA  14735  1988  AKURE,NG
   SITEDATA  99999  2017  AKURE
   PROFBASE  0.0  METERS
ME FINISHED
 
OU STARTING
   RECTABLE  ALLAVE  FIRST-THIRD
   MAXTABLE  ALLAVE  50
   PLOTFILE 1 STACK1 FIRST AKURE_STACK_1HR.PLT
   SUMMFILE  AERTEST.SUM                                                                     OU FINISHED


  *** Message Summary For AERMOD Model Setup ***

  --------- Summary of Total Messages --------
  
 A Total of            3 Fatal Error Message(s)
 A Total of            0 Warning Message(s)
 A Total of            0 Informational Message(s)
  
  
    ******** FATAL ERROR MESSAGES ******** 
 OU E203      74       OUPLOT: Invalid Parameter Specified.  Troubled Parameter:         GRPID
 OU E202      75       OUSUMM: Too Many Parameters Specified For the Keyword of       SUMMFILE
 OU E125       0        SETUP: Missing FINISHED-Runstream File Incomplete: ISTAT=        11110
  
    ********   WARNING MESSAGES   ******** 
               ***  NONE  ***        
  

    **************************************
    *** SETUP Finishes UN-successfully ***
    **************************************

 *** AERMOD - VERSION  15181 ***   *** A Simple Example Problem for the AERMOD Model with PRIME             ***        07/18/19
 *** AERMET - VERSION  15181 ***   ***                                                                      ***        11:29:29
                                                                                                                       PAGE   1
 **MODELOPTs:  

 *** Message Summary : AERMOD Model Execution ***

  --------- Summary of Total Messages --------
  
 A Total of            3 Fatal Error Message(s)
 A Total of            0 Warning Message(s)
 A Total of            0 Informational Message(s)
  
  
    ******** FATAL ERROR MESSAGES ******** 
 OU E203      74       OUPLOT: Invalid Parameter Specified.  Troubled Parameter:         GRPID
 OU E202      75       OUSUMM: Too Many Parameters Specified For the Keyword of       SUMMFILE
 OU E125       0        SETUP: Missing FINISHED-Runstream File Incomplete: ISTAT=        11110
  
    ********   WARNING MESSAGES   ******** 
               ***  NONE  ***        
  

    ***************************************
    *** AERMOD Finishes UN-successfully ***
    ***************************************

